<?xml version="1.0" encoding="UTF-8"?>
<!-- Generated by org.testng.reporters.JUnitReportReporter -->
<testsuite skipped="0" hostname="90KS022" name="testpackage.TestClass1" tests="1" failures="0" timestamp="21 Feb 2021 17:12:58 GMT" time="11.834" errors="0">
  <testcase name="login" time="11.834" classname="testpackage.TestClass1"/>
</testsuite> <!-- testpackage.TestClass1 -->
