<?xml version="1.0" encoding="UTF-8"?>
<!-- Generated by org.testng.reporters.JUnitReportReporter -->
<testsuite skipped="0" hostname="90KS022" name="GitMaven.GitMaven.AppTest" tests="1" failures="0" timestamp="21 Feb 2021 17:12:58 GMT" time="0.000" errors="0">
  <testcase name="testApp" time="0.000" classname="GitMaven.GitMaven.AppTest"/>
</testsuite> <!-- GitMaven.GitMaven.AppTest -->
